#
# There is insufficient memory for the Java Runtime Environment to continue.
# Native memory allocation (malloc) failed to allocate 265456 bytes for Chunk::new
# Possible reasons:
#   The system is out of physical RAM or swap space
#   The process is running with CompressedOops enabled, and the Java Heap may be blocking the growth of the native heap
# Possible solutions:
#   Reduce memory load on the system
#   Increase physical memory or swap space
#   Check if swap backing store is full
#   Decrease Java heap size (-Xmx/-Xms)
#   Decrease number of Java threads
#   Decrease Java thread stack sizes (-Xss)
#   Set larger code cache with -XX:ReservedCodeCacheSize=
#   JVM is running with Unscaled Compressed Oops mode in which the Java heap is
#     placed in the first 4GB address space. The Java Heap base address is the
#     maximum limit for the native heap growth. Please use -XX:HeapBaseMinAddress
#     to set the Java Heap base and to place the Java Heap above 4GB virtual address.
# This output file may be truncated or incomplete.
#
#  Out of Memory Error (allocation.cpp:389), pid=19716, tid=0x0000000000004d68
#
# JRE version: Java(TM) SE Runtime Environment (8.0_333-b02) (build 1.8.0_333-b02)
# Java VM: Java HotSpot(TM) 64-Bit Server VM (25.333-b02 mixed mode windows-amd64 compressed oops)
# Failed to write core dump. Minidumps are not enabled by default on client versions of Windows
#

---------------  T H R E A D  ---------------

Current thread (0x000002655a741000):  JavaThread "C2 CompilerThread2" daemon [_thread_in_native, id=19816, stack(0x000000bba9e00000,0x000000bba9f00000)]

Stack: [0x000000bba9e00000,0x000000bba9f00000]
Native frames: (J=compiled Java code, j=interpreted, Vv=VM code, C=native code)
V  [jvm.dll+0x32fc49]
V  [jvm.dll+0x2761a2]
V  [jvm.dll+0x276e4d]
V  [jvm.dll+0x26d7f5]
V  [jvm.dll+0xd5a0c]
V  [jvm.dll+0xd620c]
V  [jvm.dll+0x4541c2]
V  [jvm.dll+0x48f27d]
V  [jvm.dll+0x443779]
V  [jvm.dll+0x440ffb]
V  [jvm.dll+0x42becb]
V  [jvm.dll+0xac68b]
V  [jvm.dll+0xaaceb]
V  [jvm.dll+0x23e6f2]
V  [jvm.dll+0x292edc]
C  [ucrtbase.dll+0x21bb2]
C  [KERNEL32.DLL+0x17034]
C  [ntdll.dll+0x526a1]


Current CompileTask:
C2:   7270 3502       4       sun.invoke.util.BytecodeDescriptor::unparseSig (75 bytes)


---------------  P R O C E S S  ---------------

Java Threads: ( => current thread )
  0x000002655bc88800 JavaThread "surefire-forkedjvm-ping-30s" daemon [_thread_blocked, id=20248, stack(0x000000bbaa300000,0x000000bbaa400000)]
  0x000002655bc20800 JavaThread "surefire-forkedjvm-command-thread" daemon [_thread_in_native, id=17344, stack(0x000000bbaa200000,0x000000bbaa300000)]
  0x000002655bb40800 JavaThread "Service Thread" daemon [_thread_blocked, id=21440, stack(0x000000bbaa000000,0x000000bbaa100000)]
  0x000002655a743800 JavaThread "C1 CompilerThread3" daemon [_thread_in_vm, id=26384, stack(0x000000bba9f00000,0x000000bbaa000000)]
=>0x000002655a741000 JavaThread "C2 CompilerThread2" daemon [_thread_in_native, id=19816, stack(0x000000bba9e00000,0x000000bba9f00000)]
  0x000002655a740000 JavaThread "C2 CompilerThread1" daemon [_thread_in_native, id=17736, stack(0x000000bba9d00000,0x000000bba9e00000)]
  0x000002655a73a800 JavaThread "C2 CompilerThread0" daemon [_thread_in_native, id=20884, stack(0x000000bba9c00000,0x000000bba9d00000)]
  0x000002655a734000 JavaThread "Attach Listener" daemon [_thread_blocked, id=736, stack(0x000000bba9b00000,0x000000bba9c00000)]
  0x000002655a733000 JavaThread "Signal Dispatcher" daemon [_thread_blocked, id=1260, stack(0x000000bba9a00000,0x000000bba9b00000)]
  0x000002655a711000 JavaThread "Finalizer" daemon [_thread_blocked, id=24040, stack(0x000000bba9900000,0x000000bba9a00000)]
  0x0000026559b0e000 JavaThread "Reference Handler" daemon [_thread_blocked, id=25604, stack(0x000000bba9800000,0x000000bba9900000)]
  0x0000026543c53800 JavaThread "main" [_thread_in_Java, id=12264, stack(0x000000bba8e00000,0x000000bba8f00000)]

Other Threads:
  0x000002655a6e5000 VMThread [stack: 0x000000bba9700000,0x000000bba9800000] [id=24984]
  0x000002655a7bd000 WatcherThread [stack: 0x000000bbaa100000,0x000000bbaa200000] [id=17364]

VM state:not at safepoint (normal execution)

VM Mutex/Monitor currently owned by a thread: None

heap address: 0x0000000083400000, size: 1996 MB, Compressed Oops mode: 32-bit
Narrow klass base: 0x0000000000000000, Narrow klass shift: 3
Compressed class space size: 1073741824 Address: 0x0000000100000000

Heap:
 PSYoungGen      total 139776K, used 36092K [0x00000000d6700000, 0x00000000e2980000, 0x0000000100000000)
  eden space 129536K, 27% used [0x00000000d6700000,0x00000000d8a3f268,0x00000000de580000)
  from space 10240K, 0% used [0x00000000e1f80000,0x00000000e1f80000,0x00000000e2980000)
  to   space 8192K, 0% used [0x00000000de580000,0x00000000de580000,0x00000000ded80000)
 ParOldGen       total 82432K, used 14179K [0x0000000083400000, 0x0000000088480000, 0x00000000d6700000)
  object space 82432K, 17% used [0x0000000083400000,0x00000000841d8e18,0x0000000088480000)
 Metaspace       used 34114K, capacity 36136K, committed 36224K, reserved 1081344K
  class space    used 4546K, capacity 4934K, committed 4992K, reserved 1048576K

Card table byte_map: [0x0000026554900000,0x0000026554cf0000] byte_map_base: 0x00000265544e6000

Marking Bits: (ParMarkBitMap*) 0x000000006bc39030
 Begin Bits: [0x0000026554f90000, 0x0000026556ec0000)
 End Bits:   [0x0000026556ec0000, 0x0000026558df0000)

Polling page: 0x0000026543ef0000

CodeCache: size=245760Kb used=11457Kb max_used=11457Kb free=234302Kb
 bounds [0x0000026545540000, 0x0000026546080000, 0x0000026554540000]
 total_blobs=3660 nmethods=3256 adapters=316
 compilation: enabled

Compilation events (10 events):
Event: 7.222 Thread 0x000002655a743800 nmethod 3501 0x0000026546067090 code [0x0000026546067220, 0x0000026546067500]
Event: 7.229 Thread 0x000002655a741000 3502       4       sun.invoke.util.BytecodeDescriptor::unparseSig (75 bytes)
Event: 7.229 Thread 0x000002655a743800 3503       3       jdk.internal.org.objectweb.asm.Item::isEqualTo (354 bytes)
Event: 7.230 Thread 0x000002655a743800 nmethod 3503 0x0000026546067690 code [0x00000265460678c0, 0x0000026546068590]
Event: 7.235 Thread 0x000002655a743800 3505       3       org.springframework.core.annotation.AnnotationUtils::findAnnotation (99 bytes)
Event: 7.237 Thread 0x000002655a743800 nmethod 3505 0x0000026546068950 code [0x0000026546068ce0, 0x000002654606aa80]
Event: 7.238 Thread 0x000002655a743800 3508       3       java.lang.reflect.Method::equals (69 bytes)
Event: 7.238 Thread 0x000002655a743800 nmethod 3508 0x000002654606b810 code [0x000002654606b9a0, 0x000002654606c310]
Event: 7.238 Thread 0x000002655a743800 3507       3       java.lang.Class::privateGetDeclaredFields (67 bytes)
Event: 7.239 Thread 0x000002655a743800 nmethod 3507 0x000002654606c450 code [0x000002654606c640, 0x000002654606cf70]

GC Heap History (10 events):
Event: 3.672 GC heap before
{Heap before GC invocations=6 (full 1):
 PSYoungGen      total 70656K, used 5090K [0x00000000d6700000, 0x00000000df700000, 0x0000000100000000)
  eden space 65536K, 0% used [0x00000000d6700000,0x00000000d6700000,0x00000000da700000)
  from space 5120K, 99% used [0x00000000da700000,0x00000000dabf8818,0x00000000dac00000)
  to   space 8192K, 0% used [0x00000000def00000,0x00000000def00000,0x00000000df700000)
 ParOldGen       total 86016K, used 4802K [0x0000000083400000, 0x0000000088800000, 0x00000000d6700000)
  object space 86016K, 5% used [0x0000000083400000,0x00000000838b0a00,0x0000000088800000)
 Metaspace       used 19983K, capacity 21266K, committed 21296K, reserved 1067008K
  class space    used 2650K, capacity 2921K, committed 2944K, reserved 1048576K
Event: 3.713 GC heap after
Heap after GC invocations=6 (full 1):
 PSYoungGen      total 70656K, used 0K [0x00000000d6700000, 0x00000000df700000, 0x0000000100000000)
  eden space 65536K, 0% used [0x00000000d6700000,0x00000000d6700000,0x00000000da700000)
  from space 5120K, 0% used [0x00000000da700000,0x00000000da700000,0x00000000dac00000)
  to   space 8192K, 0% used [0x00000000def00000,0x00000000def00000,0x00000000df700000)
 ParOldGen       total 53760K, used 7657K [0x0000000083400000, 0x0000000086880000, 0x00000000d6700000)
  object space 53760K, 14% used [0x0000000083400000,0x0000000083b7a798,0x0000000086880000)
 Metaspace       used 19983K, capacity 21266K, committed 21296K, reserved 1067008K
  class space    used 2650K, capacity 2921K, committed 2944K, reserved 1048576K
}
Event: 4.331 GC heap before
{Heap before GC invocations=7 (full 1):
 PSYoungGen      total 70656K, used 65536K [0x00000000d6700000, 0x00000000df700000, 0x0000000100000000)
  eden space 65536K, 100% used [0x00000000d6700000,0x00000000da700000,0x00000000da700000)
  from space 5120K, 0% used [0x00000000da700000,0x00000000da700000,0x00000000dac00000)
  to   space 8192K, 0% used [0x00000000def00000,0x00000000def00000,0x00000000df700000)
 ParOldGen       total 53760K, used 7657K [0x0000000083400000, 0x0000000086880000, 0x00000000d6700000)
  object space 53760K, 14% used [0x0000000083400000,0x0000000083b7a798,0x0000000086880000)
 Metaspace       used 24422K, capacity 25834K, committed 26112K, reserved 1071104K
  class space    used 3265K, capacity 3575K, committed 3584K, reserved 1048576K
Event: 4.339 GC heap after
Heap after GC invocations=7 (full 1):
 PSYoungGen      total 116224K, used 6422K [0x00000000d6700000, 0x00000000df580000, 0x0000000100000000)
  eden space 109568K, 0% used [0x00000000d6700000,0x00000000d6700000,0x00000000dd200000)
  from space 6656K, 96% used [0x00000000def00000,0x00000000df545898,0x00000000df580000)
  to   space 8192K, 0% used [0x00000000de580000,0x00000000de580000,0x00000000ded80000)
 ParOldGen       total 53760K, used 7657K [0x0000000083400000, 0x0000000086880000, 0x00000000d6700000)
  object space 53760K, 14% used [0x0000000083400000,0x0000000083b7a798,0x0000000086880000)
 Metaspace       used 24422K, capacity 25834K, committed 26112K, reserved 1071104K
  class space    used 3265K, capacity 3575K, committed 3584K, reserved 1048576K
}
Event: 5.896 GC heap before
{Heap before GC invocations=8 (full 1):
 PSYoungGen      total 116224K, used 115990K [0x00000000d6700000, 0x00000000df580000, 0x0000000100000000)
  eden space 109568K, 100% used [0x00000000d6700000,0x00000000dd200000,0x00000000dd200000)
  from space 6656K, 96% used [0x00000000def00000,0x00000000df545898,0x00000000df580000)
  to   space 8192K, 0% used [0x00000000de580000,0x00000000de580000,0x00000000ded80000)
 ParOldGen       total 53760K, used 7657K [0x0000000083400000, 0x0000000086880000, 0x00000000d6700000)
  object space 53760K, 14% used [0x0000000083400000,0x0000000083b7a798,0x0000000086880000)
 Metaspace       used 30057K, capacity 31900K, committed 32000K, reserved 1077248K
  class space    used 4006K, capacity 4338K, committed 4352K, reserved 1048576K
Event: 5.911 GC heap after
Heap after GC invocations=8 (full 1):
 PSYoungGen      total 137728K, used 8176K [0x00000000d6700000, 0x00000000e2980000, 0x0000000100000000)
  eden space 129536K, 0% used [0x00000000d6700000,0x00000000d6700000,0x00000000de580000)
  from space 8192K, 99% used [0x00000000de580000,0x00000000ded7c260,0x00000000ded80000)
  to   space 10240K, 0% used [0x00000000e1f80000,0x00000000e1f80000,0x00000000e2980000)
 ParOldGen       total 53760K, used 10403K [0x0000000083400000, 0x0000000086880000, 0x00000000d6700000)
  object space 53760K, 19% used [0x0000000083400000,0x0000000083e28d70,0x0000000086880000)
 Metaspace       used 30057K, capacity 31900K, committed 32000K, reserved 1077248K
  class space    used 4006K, capacity 4338K, committed 4352K, reserved 1048576K
}
Event: 6.857 GC heap before
{Heap before GC invocations=9 (full 1):
 PSYoungGen      total 137728K, used 57778K [0x00000000d6700000, 0x00000000e2980000, 0x0000000100000000)
  eden space 129536K, 38% used [0x00000000d6700000,0x00000000d9770720,0x00000000de580000)
  from space 8192K, 99% used [0x00000000de580000,0x00000000ded7c260,0x00000000ded80000)
  to   space 10240K, 0% used [0x00000000e1f80000,0x00000000e1f80000,0x00000000e2980000)
 ParOldGen       total 53760K, used 10403K [0x0000000083400000, 0x0000000086880000, 0x00000000d6700000)
  object space 53760K, 19% used [0x0000000083400000,0x0000000083e28d70,0x0000000086880000)
 Metaspace       used 33441K, capacity 35450K, committed 35496K, reserved 1079296K
  class space    used 4444K, capacity 4821K, committed 4864K, reserved 1048576K
Event: 6.867 GC heap after
Heap after GC invocations=9 (full 1):
 PSYoungGen      total 139776K, used 9239K [0x00000000d6700000, 0x00000000e2980000, 0x0000000100000000)
  eden space 129536K, 0% used [0x00000000d6700000,0x00000000d6700000,0x00000000de580000)
  from space 10240K, 90% used [0x00000000e1f80000,0x00000000e2885c28,0x00000000e2980000)
  to   space 8192K, 0% used [0x00000000de580000,0x00000000de580000,0x00000000ded80000)
 ParOldGen       total 53760K, used 10411K [0x0000000083400000, 0x0000000086880000, 0x00000000d6700000)
  object space 53760K, 19% used [0x0000000083400000,0x0000000083e2ad70,0x0000000086880000)
 Metaspace       used 33441K, capacity 35450K, committed 35496K, reserved 1079296K
  class space    used 4444K, capacity 4821K, committed 4864K, reserved 1048576K
}
Event: 6.867 GC heap before
{Heap before GC invocations=10 (full 2):
 PSYoungGen      total 139776K, used 9239K [0x00000000d6700000, 0x00000000e2980000, 0x0000000100000000)
  eden space 129536K, 0% used [0x00000000d6700000,0x00000000d6700000,0x00000000de580000)
  from space 10240K, 90% used [0x00000000e1f80000,0x00000000e2885c28,0x00000000e2980000)
  to   space 8192K, 0% used [0x00000000de580000,0x00000000de580000,0x00000000ded80000)
 ParOldGen       total 53760K, used 10411K [0x0000000083400000, 0x0000000086880000, 0x00000000d6700000)
  object space 53760K, 19% used [0x0000000083400000,0x0000000083e2ad70,0x0000000086880000)
 Metaspace       used 33441K, capacity 35450K, committed 35496K, reserved 1079296K
  class space    used 4444K, capacity 4821K, committed 4864K, reserved 1048576K
Event: 6.934 GC heap after
Heap after GC invocations=10 (full 2):
 PSYoungGen      total 139776K, used 0K [0x00000000d6700000, 0x00000000e2980000, 0x0000000100000000)
  eden space 129536K, 0% used [0x00000000d6700000,0x00000000d6700000,0x00000000de580000)
  from space 10240K, 0% used [0x00000000e1f80000,0x00000000e1f80000,0x00000000e2980000)
  to   space 8192K, 0% used [0x00000000de580000,0x00000000de580000,0x00000000ded80000)
 ParOldGen       total 82432K, used 14179K [0x0000000083400000, 0x0000000088480000, 0x00000000d6700000)
  object space 82432K, 17% used [0x0000000083400000,0x00000000841d8e18,0x0000000088480000)
 Metaspace       used 33441K, capacity 35450K, committed 35496K, reserved 1079296K
  class space    used 4444K, capacity 4821K, committed 4864K, reserved 1048576K
}

Deoptimization events (10 events):
Event: 6.803 Thread 0x0000026543c53800 Uncommon trap: reason=unstable_if action=reinterpret pc=0x0000026545ecabc4 method=org.springframework.beans.factory.support.AbstractAutowireCapableBeanFactory.predictBeanType(Ljava/lang/String;Lorg/springframework/beans/factory/support/RootBeanDefinition;
Event: 6.825 Thread 0x0000026543c53800 Uncommon trap: reason=unstable_if action=reinterpret pc=0x0000026545acb8d8 method=org.springframework.util.ConcurrentReferenceHashMap$Segment.clear()V @ 7
Event: 7.022 Thread 0x0000026543c53800 Uncommon trap: reason=unstable_if action=reinterpret pc=0x0000026545987de4 method=jdk.internal.org.objectweb.asm.Item.isEqualTo(Ljdk/internal/org/objectweb/asm/Item;)Z @ 331
Event: 7.089 Thread 0x0000026543c53800 Uncommon trap: reason=bimorphic action=maybe_recompile pc=0x0000026545c663bc method=java.util.regex.Pattern$Slice.match(Ljava/util/regex/Matcher;ILjava/lang/CharSequence;)Z @ 75
Event: 7.089 Thread 0x0000026543c53800 Uncommon trap: reason=bimorphic action=maybe_recompile pc=0x0000026545c663bc method=java.util.regex.Pattern$Slice.match(Ljava/util/regex/Matcher;ILjava/lang/CharSequence;)Z @ 75
Event: 7.090 Thread 0x0000026543c53800 Uncommon trap: reason=bimorphic action=maybe_recompile pc=0x0000026545c663bc method=java.util.regex.Pattern$Slice.match(Ljava/util/regex/Matcher;ILjava/lang/CharSequence;)Z @ 75
Event: 7.090 Thread 0x0000026543c53800 Uncommon trap: reason=bimorphic action=maybe_recompile pc=0x0000026545c663bc method=java.util.regex.Pattern$Slice.match(Ljava/util/regex/Matcher;ILjava/lang/CharSequence;)Z @ 75
Event: 7.218 Thread 0x0000026543c53800 Uncommon trap: reason=unstable_if action=reinterpret pc=0x0000026545fefc00 method=java.lang.reflect.Method.equals(Ljava/lang/Object;)Z @ 1
Event: 7.236 Thread 0x0000026543c53800 Uncommon trap: reason=unstable_if action=reinterpret pc=0x0000026545e3cdb0 method=org.springframework.util.ConcurrentReferenceHashMap$Segment.findInChain(Lorg/springframework/util/ConcurrentReferenceHashMap$Reference;Ljava/lang/Object;I)Lorg/springframewo
Event: 7.236 Thread 0x0000026543c53800 Uncommon trap: reason=unstable_if action=reinterpret pc=0x0000026545e277c8 method=org.springframework.util.ConcurrentReferenceHashMap$Segment.findInChain(Lorg/springframework/util/ConcurrentReferenceHashMap$Reference;Ljava/lang/Object;I)Lorg/springframewo

Classes redefined (0 events):
No events

Internal exceptions (10 events):
Event: 7.182 Thread 0x0000026543c53800 Exception <a 'java/lang/ClassNotFoundException': org/springframework/beans/factory/BeanFactoryAwareCustomizer> (0x00000000d850df68) thrown at [C:\jenkins\workspace\8-2-build-windows-amd64-cygwin\jdk8u333\2551\hotspot\src\share\vm\classfile\systemDictionar
Event: 7.183 Thread 0x0000026543c53800 Exception <a 'java/lang/ClassNotFoundException': org/springframework/beans/factory/AwareCustomizer> (0x00000000d853f228) thrown at [C:\jenkins\workspace\8-2-build-windows-amd64-cygwin\jdk8u333\2551\hotspot\src\share\vm\classfile\systemDictionary.cpp, line
Event: 7.212 Thread 0x0000026543c53800 Exception <a 'java/lang/ClassNotFoundException': java/lang/ObjectCustomizer> (0x00000000d85e7db8) thrown at [C:\jenkins\workspace\8-2-build-windows-amd64-cygwin\jdk8u333\2551\hotspot\src\share\vm\classfile\systemDictionary.cpp, line 212]
Event: 7.213 Thread 0x0000026543c53800 Exception <a 'java/lang/ClassNotFoundException': org/springframework/transaction/annotation/AbstractTransactionManagementConfigurationCustomizer> (0x00000000d863a3b8) thrown at [C:\jenkins\workspace\8-2-build-windows-amd64-cygwin\jdk8u333\2551\hotspot\src
Event: 7.215 Thread 0x0000026543c53800 Exception <a 'java/lang/ClassNotFoundException': org/springframework/transaction/annotation/ProxyTransactionManagementConfigurationCustomizer> (0x00000000d8689e38) thrown at [C:\jenkins\workspace\8-2-build-windows-amd64-cygwin\jdk8u333\2551\hotspot\src\sh
Event: 7.217 Thread 0x0000026543c53800 Exception <a 'java/lang/ClassNotFoundException': org/springframework/context/annotation/ImportAwareCustomizer> (0x00000000d86c63e8) thrown at [C:\jenkins\workspace\8-2-build-windows-amd64-cygwin\jdk8u333\2551\hotspot\src\share\vm\classfile\systemDictionar
Event: 7.218 Thread 0x0000026543c53800 Exception <a 'java/lang/ClassNotFoundException': org/springframework/beans/factory/AwareCustomizer> (0x00000000d86f7488) thrown at [C:\jenkins\workspace\8-2-build-windows-amd64-cygwin\jdk8u333\2551\hotspot\src\share\vm\classfile\systemDictionary.cpp, line
Event: 7.218 Thread 0x0000026543c53800 Implicit null exception at 0x0000026545fefa8c to 0x0000026545fefbec
Event: 7.237 Thread 0x0000026543c53800 Exception <a 'java/lang/ClassNotFoundException': java/lang/ObjectCustomizer> (0x00000000d87c3ca0) thrown at [C:\jenkins\workspace\8-2-build-windows-amd64-cygwin\jdk8u333\2551\hotspot\src\share\vm\classfile\systemDictionary.cpp, line 212]
Event: 7.239 Thread 0x0000026543c53800 Exception <a 'java/lang/ClassNotFoundException': org/springframework/transaction/interceptor/AbstractFallbackTransactionAttributeSourceCustomizer> (0x00000000d8817600) thrown at [C:\jenkins\workspace\8-2-build-windows-amd64-cygwin\jdk8u333\2551\hotspot\sr

Events (10 events):
Event: 7.238 loading class org/springframework/transaction/interceptor/AbstractFallbackTransactionAttributeSourceCustomizer
Event: 7.238 loading class org/springframework/transaction/interceptor/AbstractFallbackTransactionAttributeSourceCustomizer done
Event: 7.238 loading class org/springframework/transaction/interceptor/AbstractFallbackTransactionAttributeSourceCustomizer
Event: 7.238 loading class org/springframework/transaction/interceptor/AbstractFallbackTransactionAttributeSourceCustomizer done
Event: 7.239 loading class org/springframework/transaction/interceptor/AbstractFallbackTransactionAttributeSourceCustomizer
Event: 7.239 loading class org/springframework/transaction/interceptor/AbstractFallbackTransactionAttributeSourceCustomizer done
Event: 7.240 loading class org/springframework/transaction/annotation/AnnotationTransactionAttributeSourceCustomizer
Event: 7.240 loading class org/springframework/transaction/annotation/AnnotationTransactionAttributeSourceCustomizer done
Event: 7.240 loading class org/springframework/transaction/annotation/AnnotationTransactionAttributeSourceCustomizer
Event: 7.240 loading class org/springframework/transaction/annotation/AnnotationTransactionAttributeSourceCustomizer done


Dynamic libraries:
0x00007ff6f03d0000 - 0x00007ff6f0417000 	C:\Program Files\Java\jdk1.8.0_333\jre\bin\java.exe
0x00007ff9037d0000 - 0x00007ff9039c8000 	C:\WINDOWS\SYSTEM32\ntdll.dll
0x00007ff902fa0000 - 0x00007ff90305d000 	C:\WINDOWS\System32\KERNEL32.DLL
0x00007ff9013c0000 - 0x00007ff90168e000 	C:\WINDOWS\System32\KERNELBASE.dll
0x00007ff902940000 - 0x00007ff9029ee000 	C:\WINDOWS\System32\ADVAPI32.dll
0x00007ff901bc0000 - 0x00007ff901c5e000 	C:\WINDOWS\System32\msvcrt.dll
0x00007ff9028a0000 - 0x00007ff90293c000 	C:\WINDOWS\System32\sechost.dll
0x00007ff903140000 - 0x00007ff903265000 	C:\WINDOWS\System32\RPCRT4.dll
0x00007ff901950000 - 0x00007ff901af0000 	C:\WINDOWS\System32\USER32.dll
0x00007ff901070000 - 0x00007ff901092000 	C:\WINDOWS\System32\win32u.dll
0x00007ff9029f0000 - 0x00007ff902a1a000 	C:\WINDOWS\System32\GDI32.dll
0x00007ff900f60000 - 0x00007ff90106b000 	C:\WINDOWS\System32\gdi32full.dll
0x00007ff901690000 - 0x00007ff90172d000 	C:\WINDOWS\System32\msvcp_win.dll
0x00007ff901730000 - 0x00007ff901830000 	C:\WINDOWS\System32\ucrtbase.dll
0x00007ff8de430000 - 0x00007ff8de6ca000 	C:\WINDOWS\WinSxS\amd64_microsoft.windows.common-controls_6595b64144ccf1df_6.0.19041.1110_none_60b5254171f9507e\COMCTL32.dll
0x00007ff901830000 - 0x00007ff901860000 	C:\WINDOWS\System32\IMM32.DLL
0x00007ff8ce510000 - 0x00007ff8ce525000 	C:\Program Files\Java\jdk1.8.0_333\jre\bin\vcruntime140.dll
0x00007ff8adc20000 - 0x00007ff8adcbb000 	C:\Program Files\Java\jdk1.8.0_333\jre\bin\msvcp140.dll
0x000000006b450000 - 0x000000006bcb1000 	C:\Program Files\Java\jdk1.8.0_333\jre\bin\server\jvm.dll
0x00007ff8f57a0000 - 0x00007ff8f57aa000 	C:\WINDOWS\SYSTEM32\VERSION.dll
0x00007ff902140000 - 0x00007ff902148000 	C:\WINDOWS\System32\PSAPI.DLL
0x00007ff8e3060000 - 0x00007ff8e3087000 	C:\WINDOWS\SYSTEM32\WINMM.dll
0x00007ff8df050000 - 0x00007ff8df059000 	C:\WINDOWS\SYSTEM32\WSOCK32.dll
0x00007ff9030d0000 - 0x00007ff90313b000 	C:\WINDOWS\System32\ws2_32.DLL
0x00007ff8ff770000 - 0x00007ff8ff782000 	C:\WINDOWS\SYSTEM32\kernel.appcore.dll
0x00007ff8e6c80000 - 0x00007ff8e6c90000 	C:\Program Files\Java\jdk1.8.0_333\jre\bin\verify.dll
0x00007ff8cd940000 - 0x00007ff8cd96b000 	C:\Program Files\Java\jdk1.8.0_333\jre\bin\java.dll
0x00007ff8c9380000 - 0x00007ff8c9398000 	C:\Program Files\Java\jdk1.8.0_333\jre\bin\zip.dll
0x00007ff902150000 - 0x00007ff902893000 	C:\WINDOWS\System32\SHELL32.dll
0x00007ff8fee50000 - 0x00007ff8ff5e5000 	C:\WINDOWS\SYSTEM32\windows.storage.dll
0x00007ff903430000 - 0x00007ff903784000 	C:\WINDOWS\System32\combase.dll
0x00007ff9008e0000 - 0x00007ff900910000 	C:\WINDOWS\SYSTEM32\Wldp.dll
0x00007ff902ef0000 - 0x00007ff902f9d000 	C:\WINDOWS\System32\SHCORE.dll
0x00007ff902a20000 - 0x00007ff902a75000 	C:\WINDOWS\System32\shlwapi.dll
0x00007ff900e30000 - 0x00007ff900e4f000 	C:\WINDOWS\SYSTEM32\profapi.dll
0x00007ff8ce500000 - 0x00007ff8ce50d000 	C:\Program Files\Java\jdk1.8.0_333\jre\bin\management.dll
0x00007ff8c5aa0000 - 0x00007ff8c5abc000 	C:\Program Files\Java\jdk1.8.0_333\jre\bin\net.dll
0x00007ff9005e0000 - 0x00007ff90064a000 	C:\WINDOWS\system32\mswsock.dll
0x00007ff8c4de0000 - 0x00007ff8c4df3000 	C:\Program Files\Java\jdk1.8.0_333\jre\bin\nio.dll
0x00007ff8deb40000 - 0x00007ff8deb57000 	C:\WINDOWS\system32\napinsp.dll
0x00007ff8deb20000 - 0x00007ff8deb3b000 	C:\WINDOWS\system32\pnrpnsp.dll
0x00007ff8f8140000 - 0x00007ff8f8155000 	C:\WINDOWS\system32\wshbth.dll
0x00007ff8f8ac0000 - 0x00007ff8f8add000 	C:\WINDOWS\system32\NLAapi.dll
0x00007ff9002d0000 - 0x00007ff90030b000 	C:\WINDOWS\SYSTEM32\IPHLPAPI.DLL
0x00007ff900310000 - 0x00007ff9003da000 	C:\WINDOWS\SYSTEM32\DNSAPI.dll
0x00007ff9030c0000 - 0x00007ff9030c8000 	C:\WINDOWS\System32\NSI.dll
0x00007ff8de9f0000 - 0x00007ff8dea02000 	C:\WINDOWS\System32\winrnr.dll
0x00007ff8f49b0000 - 0x00007ff8f49ba000 	C:\Windows\System32\rasadhlp.dll
0x00007ff8e92d0000 - 0x00007ff8e9350000 	C:\WINDOWS\System32\fwpuclnt.dll
0x00007ff901130000 - 0x00007ff901157000 	C:\WINDOWS\System32\bcrypt.dll
0x00007ff8fec60000 - 0x00007ff8fee44000 	C:\WINDOWS\SYSTEM32\dbghelp.dll
0x00007ff9010a0000 - 0x00007ff901122000 	C:\WINDOWS\System32\bcryptPrimitives.dll

VM Arguments:
java_command: C:\Users\VAS6~1\AppData\Local\Temp\surefire2695872993843750597\surefirebooter4811841659573626296.jar C:\Users\VAS 6\AppData\Local\Temp\surefire2695872993843750597 2022-09-30T10-03-09_556-jvmRun1 surefire3835983645682738001tmp surefire_08166569989972753839tmp
java_class_path (initial): C:\Users\VAS6~1\AppData\Local\Temp\surefire2695872993843750597\surefirebooter4811841659573626296.jar
Launcher Type: SUN_STANDARD

Environment Variables:
JAVA_HOME=C:\Program Files\Java\jdk1.8.0_333
PATH=C:\Python39\Scripts\;C:\Python39\;C:\Program Files\Common Files\Oracle\Java\javapath;C:\Program Files (x86)\Common Files\Oracle\Java\javapath;C:\WINDOWS\system32;C:\WINDOWS;C:\WINDOWS\System32\Wbem;C:\WINDOWS\System32\WindowsPowerShell\v1.0\;C:\WINDOWS\System32\OpenSSH\;C:\ProgramData\chocolatey\bin;C:\Program Files\nodejs\;C:\Program Files\Git\cmd;C:\Program Files\PuTTY\;C:\HashiCorp\Vagrant\bin;C:\Users\VAS 6\dev-env\maven\apache-maven-3.8.6\bin;C:\Program Files\Java\jdk1.8.0_333\bin;C:\Users\VAS 6\AppData\Local\Microsoft\WindowsApps;C:\Users\VAS 6\AppData\Roaming\npm;C:\Users\VAS 6\AppData\Local\Programs\Microsoft VS Code\bin;C:\Program Files\Git;C:\Program Files\JetBrains\PyCharm Community Edition 2021.3\bin;;C:\Users\VAS 6\AppData\Local\GitHubDesktop\bin
USERNAME=VAS 6
OS=Windows_NT
PROCESSOR_IDENTIFIER=Intel64 Family 6 Model 142 Stepping 12, GenuineIntel



---------------  S Y S T E M  ---------------

OS: Windows 10 , 64 bit Build 19041 (10.0.19041.1889)

CPU:total 8 (initial active 8) (4 cores per cpu, 2 threads per core) family 6 model 142 stepping 12, cmov, cx8, fxsr, mmx, sse, sse2, sse3, ssse3, sse4.1, sse4.2, popcnt, avx, avx2, aes, clmul, erms, 3dnowpref, lzcnt, ht, tsc, tscinvbit, bmi1, bmi2, adx

Memory: 4k page, physical 8170996k(82104k free), swap 33336820k(2000k free)

vm_info: Java HotSpot(TM) 64-Bit Server VM (25.333-b02) for windows-amd64 JRE (1.8.0_333-b02), built on Apr 25 2022 22:49:11 by "java_re" with MS VC++ 15.9 (VS2017)

time: Fri Sep 30 10:03:18 2022
timezone: Greenwich
elapsed time: 7.275125 seconds (0d 0h 0m 7s)

